<?xml version="1.0" encoding="UTF-8"?>
<coverage generated="1737447442">
  <project timestamp="1737447442">
    <package name="Panakour\ShopwareDALToolkit">
      <file name="/home/runner/work/shopware-dal-toolkit/shopware-dal-toolkit/src/Dal.php">
        <class name="Panakour\ShopwareDALToolkit\Dal" namespace="Panakour\ShopwareDALToolkit">
          <metrics complexity="32" methods="22" coveredmethods="22" conditionals="0" coveredconditionals="0" statements="113" coveredstatements="113" elements="135" coveredelements="135"/>
        </class>
        <line num="44" type="method" name="__construct" visibility="public" complexity="1" crap="1" count="1"/>
        <line num="57" type="stmt" count="1"/>
        <line num="59" type="method" name="getCurrencyByIsoCode" visibility="public" complexity="1" crap="1" count="1"/>
        <line num="61" type="stmt" count="1"/>
        <line num="62" type="stmt" count="1"/>
        <line num="64" type="stmt" count="1"/>
        <line num="67" type="method" name="getDefaultTax" visibility="public" complexity="1" crap="1" count="1"/>
        <line num="69" type="stmt" count="1"/>
        <line num="70" type="stmt" count="1"/>
        <line num="72" type="stmt" count="1"/>
        <line num="75" type="method" name="createTax" visibility="public" complexity="1" crap="1" count="1"/>
        <line num="77" type="stmt" count="1"/>
        <line num="78" type="stmt" count="1"/>
        <line num="79" type="stmt" count="1"/>
        <line num="80" type="stmt" count="1"/>
        <line num="81" type="stmt" count="1"/>
        <line num="82" type="stmt" count="1"/>
        <line num="83" type="stmt" count="1"/>
        <line num="85" type="stmt" count="1"/>
        <line num="88" type="method" name="getManufacturerByName" visibility="public" complexity="1" crap="1" count="1"/>
        <line num="90" type="stmt" count="1"/>
        <line num="91" type="stmt" count="1"/>
        <line num="93" type="stmt" count="1"/>
        <line num="96" type="method" name="createManufacturer" visibility="public" complexity="3" crap="3" count="1"/>
        <line num="98" type="stmt" count="1"/>
        <line num="99" type="stmt" count="1"/>
        <line num="100" type="stmt" count="1"/>
        <line num="101" type="stmt" count="1"/>
        <line num="102" type="stmt" count="1"/>
        <line num="103" type="stmt" count="1"/>
        <line num="104" type="stmt" count="1"/>
        <line num="105" type="stmt" count="1"/>
        <line num="106" type="stmt" count="1"/>
        <line num="109" type="stmt" count="1"/>
        <line num="111" type="stmt" count="1"/>
        <line num="114" type="method" name="getCategoryByName" visibility="public" complexity="2" crap="2" count="1"/>
        <line num="116" type="stmt" count="1"/>
        <line num="117" type="stmt" count="1"/>
        <line num="118" type="stmt" count="1"/>
        <line num="119" type="stmt" count="1"/>
        <line num="122" type="stmt" count="1"/>
        <line num="125" type="method" name="createCategory" visibility="public" complexity="2" crap="2" count="1"/>
        <line num="127" type="stmt" count="1"/>
        <line num="128" type="stmt" count="1"/>
        <line num="129" type="stmt" count="1"/>
        <line num="130" type="stmt" count="1"/>
        <line num="131" type="stmt" count="1"/>
        <line num="132" type="stmt" count="1"/>
        <line num="133" type="stmt" count="1"/>
        <line num="135" type="stmt" count="1"/>
        <line num="137" type="stmt" count="1"/>
        <line num="140" type="method" name="getPropertyGroupByName" visibility="public" complexity="1" crap="1" count="2"/>
        <line num="142" type="stmt" count="2"/>
        <line num="143" type="stmt" count="2"/>
        <line num="145" type="stmt" count="2"/>
        <line num="151" type="method" name="createPropertyGroup" visibility="public" complexity="2" crap="2" count="2"/>
        <line num="153" type="stmt" count="2"/>
        <line num="154" type="stmt" count="2"/>
        <line num="155" type="stmt" count="2"/>
        <line num="156" type="stmt" count="2"/>
        <line num="157" type="stmt" count="2"/>
        <line num="158" type="stmt" count="2"/>
        <line num="159" type="stmt" count="2"/>
        <line num="160" type="stmt" count="2"/>
        <line num="161" type="stmt" count="2"/>
        <line num="162" type="stmt" count="1"/>
        <line num="164" type="stmt" count="2"/>
        <line num="166" type="stmt" count="2"/>
        <line num="169" type="method" name="getPropertyOptionByName" visibility="public" complexity="1" crap="1" count="1"/>
        <line num="171" type="stmt" count="1"/>
        <line num="172" type="stmt" count="1"/>
        <line num="173" type="stmt" count="1"/>
        <line num="175" type="stmt" count="1"/>
        <line num="182" type="method" name="createPropertyOption" visibility="public" complexity="2" crap="2" count="1"/>
        <line num="191" type="stmt" count="1"/>
        <line num="192" type="stmt" count="1"/>
        <line num="193" type="stmt" count="1"/>
        <line num="194" type="stmt" count="1"/>
        <line num="195" type="stmt" count="1"/>
        <line num="196" type="stmt" count="1"/>
        <line num="197" type="stmt" count="1"/>
        <line num="198" type="stmt" count="1"/>
        <line num="199" type="stmt" count="1"/>
        <line num="200" type="stmt" count="1"/>
        <line num="201" type="stmt" count="1"/>
        <line num="203" type="stmt" count="1"/>
        <line num="205" type="stmt" count="1"/>
        <line num="208" type="method" name="getSalesChannelByName" visibility="public" complexity="1" crap="1" count="1"/>
        <line num="210" type="stmt" count="1"/>
        <line num="211" type="stmt" count="1"/>
        <line num="213" type="stmt" count="1"/>
        <line num="216" type="method" name="getCountryByIsoCode" visibility="public" complexity="1" crap="1" count="1"/>
        <line num="218" type="stmt" count="1"/>
        <line num="219" type="stmt" count="1"/>
        <line num="221" type="stmt" count="1"/>
        <line num="224" type="method" name="getCustomerGroup" visibility="public" complexity="1" crap="1" count="1"/>
        <line num="226" type="stmt" count="1"/>
        <line num="227" type="stmt" count="1"/>
        <line num="229" type="stmt" count="1"/>
        <line num="232" type="method" name="getFirstActivePaymentMethod" visibility="public" complexity="1" crap="1" count="1"/>
        <line num="234" type="stmt" count="1"/>
        <line num="235" type="stmt" count="1"/>
        <line num="236" type="stmt" count="1"/>
        <line num="237" type="stmt" count="1"/>
        <line num="239" type="stmt" count="1"/>
        <line num="242" type="method" name="getSalutation" visibility="public" complexity="1" crap="1" count="1"/>
        <line num="244" type="stmt" count="1"/>
        <line num="245" type="stmt" count="1"/>
        <line num="247" type="stmt" count="1"/>
        <line num="253" type="method" name="getChannelVisibilityAll" visibility="public" complexity="1" crap="1" count="1"/>
        <line num="255" type="stmt" count="1"/>
        <line num="257" type="stmt" count="1"/>
        <line num="258" type="stmt" count="1"/>
        <line num="259" type="stmt" count="1"/>
        <line num="260" type="stmt" count="1"/>
        <line num="263" type="method" name="firstOrCreateManufacturer" visibility="public" complexity="2" crap="2" count="1"/>
        <line num="265" type="stmt" count="1"/>
        <line num="266" type="stmt" count="1"/>
        <line num="267" type="stmt" count="1"/>
        <line num="270" type="stmt" count="1"/>
        <line num="273" type="method" name="firstOrCreateCategory" visibility="public" complexity="2" crap="2" count="1"/>
        <line num="275" type="stmt" count="1"/>
        <line num="276" type="stmt" count="1"/>
        <line num="277" type="stmt" count="1"/>
        <line num="280" type="stmt" count="1"/>
        <line num="286" type="method" name="firstOrCreatePropertyGroup" visibility="public" complexity="2" crap="2" count="2"/>
        <line num="288" type="stmt" count="2"/>
        <line num="289" type="stmt" count="2"/>
        <line num="290" type="stmt" count="1"/>
        <line num="293" type="stmt" count="2"/>
        <line num="300" type="method" name="firstOrCreatePropertyOption" visibility="public" complexity="2" crap="2" count="1"/>
        <line num="309" type="stmt" count="1"/>
        <line num="310" type="stmt" count="1"/>
        <line num="311" type="stmt" count="1"/>
        <line num="314" type="stmt" count="1"/>
        <metrics loc="317" ncloc="285" classes="1" methods="22" coveredmethods="22" conditionals="0" coveredconditionals="0" statements="113" coveredstatements="113" elements="135" coveredelements="135"/>
      </file>
      <file name="/home/runner/work/shopware-dal-toolkit/shopware-dal-toolkit/src/MediaHelperException.php">
        <class name="Panakour\ShopwareDALToolkit\MediaHelperException" namespace="Panakour\ShopwareDALToolkit">
          <metrics complexity="3" methods="3" coveredmethods="2" conditionals="0" coveredconditionals="0" statements="9" coveredstatements="6" elements="12" coveredelements="8"/>
        </class>
        <line num="11" type="method" name="uploadFailed" visibility="public" complexity="1" crap="1" count="3"/>
        <line num="13" type="stmt" count="3"/>
        <line num="14" type="stmt" count="3"/>
        <line num="15" type="stmt" count="3"/>
        <line num="18" type="method" name="base64DecodeFailed" visibility="public" complexity="1" crap="2" count="0"/>
        <line num="20" type="stmt" count="0"/>
        <line num="21" type="stmt" count="0"/>
        <line num="22" type="stmt" count="0"/>
        <line num="25" type="method" name="contentSaveFailed" visibility="public" complexity="1" crap="1" count="1"/>
        <line num="27" type="stmt" count="1"/>
        <line num="28" type="stmt" count="1"/>
        <line num="29" type="stmt" count="1"/>
        <metrics loc="32" ncloc="32" classes="1" methods="3" coveredmethods="2" conditionals="0" coveredconditionals="0" statements="9" coveredstatements="6" elements="12" coveredelements="8"/>
      </file>
      <file name="/home/runner/work/shopware-dal-toolkit/shopware-dal-toolkit/src/MediaServiceHelper.php">
        <class name="Panakour\ShopwareDALToolkit\MediaServiceHelper" namespace="Panakour\ShopwareDALToolkit">
          <metrics complexity="35" methods="9" coveredmethods="5" conditionals="0" coveredconditionals="0" statements="136" coveredstatements="128" elements="145" coveredelements="133"/>
        </class>
        <line num="27" type="method" name="__construct" visibility="public" complexity="1" crap="1" count="2"/>
        <line num="34" type="stmt" count="2"/>
        <line num="44" type="method" name="assignMedia" visibility="public" complexity="3" crap="3" count="11"/>
        <line num="46" type="stmt" count="11"/>
        <line num="47" type="stmt" count="11"/>
        <line num="48" type="stmt" count="11"/>
        <line num="49" type="stmt" count="10"/>
        <line num="50" type="stmt" count="5"/>
        <line num="51" type="stmt" count="7"/>
        <line num="53" type="stmt" count="7"/>
        <line num="56" type="stmt" count="8"/>
        <line num="59" type="method" name="saveImageToMedia" visibility="private" complexity="5" crap="5" count="7"/>
        <line num="62" type="stmt" count="7"/>
        <line num="63" type="stmt" count="7"/>
        <line num="64" type="stmt" count="2"/>
        <line num="67" type="stmt" count="5"/>
        <line num="68" type="stmt" count="3"/>
        <line num="69" type="stmt" count="3"/>
        <line num="73" type="method" name="saveBase64ImageToMedia" visibility="private" complexity="3" crap="3.07" count="5"/>
        <line num="75" type="stmt" count="5"/>
        <line num="76" type="stmt" count="5"/>
        <line num="78" type="stmt" count="5"/>
        <line num="79" type="stmt" count="0"/>
        <line num="82" type="stmt" count="5"/>
        <line num="85" type="method" name="saveFileContentToMedia" visibility="private" complexity="13" crap="13.07" count="8"/>
        <line num="87" type="stmt" count="8"/>
        <line num="89" type="stmt" count="8"/>
        <line num="90" type="stmt" count="8"/>
        <line num="91" type="stmt" count="0"/>
        <line num="94" type="stmt" count="8"/>
        <line num="96" type="stmt" count="8"/>
        <line num="97" type="stmt" count="8"/>
        <line num="98" type="stmt" count="0"/>
        <line num="100" type="stmt" count="8"/>
        <line num="102" type="stmt" count="7"/>
        <line num="103" type="stmt" count="7"/>
        <line num="104" type="stmt" count="7"/>
        <line num="105" type="stmt" count="0"/>
        <line num="108" type="stmt" count="7"/>
        <line num="109" type="stmt" count="7"/>
        <line num="110" type="stmt" count="7"/>
        <line num="111" type="stmt" count="7"/>
        <line num="112" type="stmt" count="7"/>
        <line num="113" type="stmt" count="7"/>
        <line num="115" type="stmt" count="7"/>
        <line num="117" type="stmt" count="7"/>
        <line num="118" type="stmt" count="7"/>
        <line num="119" type="stmt" count="7"/>
        <line num="120" type="stmt" count="7"/>
        <line num="121" type="stmt" count="7"/>
        <line num="122" type="stmt" count="7"/>
        <line num="124" type="stmt" count="7"/>
        <line num="125" type="stmt" count="1"/>
        <line num="128" type="stmt" count="7"/>
        <line num="130" type="stmt" count="7"/>
        <line num="131" type="stmt" count="7"/>
        <line num="132" type="stmt" count="7"/>
        <line num="133" type="stmt" count="7"/>
        <line num="134" type="stmt" count="7"/>
        <line num="135" type="stmt" count="7"/>
        <line num="136" type="stmt" count="7"/>
        <line num="138" type="stmt" count="7"/>
        <line num="139" type="stmt" count="1"/>
        <line num="140" type="stmt" count="1"/>
        <line num="142" type="stmt" count="8"/>
        <line num="143" type="stmt" count="8"/>
        <line num="148" type="method" name="isBase64" visibility="private" complexity="3" crap="3" count="10"/>
        <line num="150" type="stmt" count="10"/>
        <line num="151" type="stmt" count="6"/>
        <line num="154" type="stmt" count="10"/>
        <line num="155" type="stmt" count="10"/>
        <line num="156" type="stmt" count="7"/>
        <line num="159" type="stmt" count="5"/>
        <line num="162" type="method" name="getMediaFolderId" visibility="private" complexity="2" crap="2" count="1"/>
        <line num="164" type="stmt" count="1"/>
        <line num="165" type="stmt" count="1"/>
        <line num="166" type="stmt" count="1"/>
        <line num="168" type="stmt" count="1"/>
        <line num="169" type="stmt" count="0"/>
        <line num="171" type="stmt" count="1"/>
        <line num="172" type="stmt" count="1"/>
        <line num="173" type="stmt" count="1"/>
        <line num="174" type="stmt" count="1"/>
        <line num="175" type="stmt" count="1"/>
        <line num="176" type="stmt" count="1"/>
        <line num="177" type="stmt" count="1"/>
        <line num="178" type="stmt" count="1"/>
        <line num="179" type="stmt" count="1"/>
        <line num="180" type="stmt" count="1"/>
        <line num="181" type="stmt" count="1"/>
        <line num="182" type="stmt" count="1"/>
        <line num="183" type="stmt" count="1"/>
        <line num="184" type="stmt" count="1"/>
        <line num="185" type="stmt" count="1"/>
        <line num="187" type="stmt" count="1"/>
        <line num="193" type="method" name="getMediaThumbnailSizes" visibility="private" complexity="3" crap="3.09" count="1"/>
        <line num="195" type="stmt" count="1"/>
        <line num="196" type="stmt" count="1"/>
        <line num="197" type="stmt" count="1"/>
        <line num="199" type="stmt" count="1"/>
        <line num="200" type="stmt" count="1"/>
        <line num="201" type="stmt" count="1"/>
        <line num="202" type="stmt" count="1"/>
        <line num="203" type="stmt" count="1"/>
        <line num="205" type="stmt" count="1"/>
        <line num="207" type="stmt" count="1"/>
        <line num="208" type="stmt" count="0"/>
        <line num="209" type="stmt" count="0"/>
        <line num="210" type="stmt" count="0"/>
        <line num="214" type="stmt" count="1"/>
        <line num="217" type="method" name="getExtensionFromMimeType" visibility="private" complexity="2" crap="2" count="8"/>
        <line num="219" type="stmt" count="8"/>
        <line num="220" type="stmt" count="8"/>
        <line num="221" type="stmt" count="8"/>
        <line num="222" type="stmt" count="8"/>
        <line num="223" type="stmt" count="8"/>
        <line num="224" type="stmt" count="8"/>
        <line num="225" type="stmt" count="8"/>
        <line num="226" type="stmt" count="8"/>
        <line num="227" type="stmt" count="8"/>
        <line num="228" type="stmt" count="8"/>
        <line num="229" type="stmt" count="8"/>
        <line num="230" type="stmt" count="8"/>
        <line num="231" type="stmt" count="8"/>
        <line num="232" type="stmt" count="8"/>
        <line num="233" type="stmt" count="8"/>
        <line num="234" type="stmt" count="8"/>
        <line num="235" type="stmt" count="8"/>
        <line num="236" type="stmt" count="8"/>
        <line num="237" type="stmt" count="8"/>
        <line num="238" type="stmt" count="8"/>
        <line num="239" type="stmt" count="8"/>
        <line num="240" type="stmt" count="8"/>
        <line num="241" type="stmt" count="8"/>
        <line num="242" type="stmt" count="8"/>
        <line num="243" type="stmt" count="8"/>
        <line num="244" type="stmt" count="8"/>
        <line num="245" type="stmt" count="8"/>
        <line num="246" type="stmt" count="8"/>
        <line num="247" type="stmt" count="8"/>
        <line num="248" type="stmt" count="8"/>
        <line num="249" type="stmt" count="8"/>
        <line num="251" type="stmt" count="8"/>
        <line num="252" type="stmt" count="7"/>
        <line num="255" type="stmt" count="1"/>
        <metrics loc="258" ncloc="240" classes="1" methods="9" coveredmethods="5" conditionals="0" coveredconditionals="0" statements="136" coveredstatements="128" elements="145" coveredelements="133"/>
      </file>
    </package>
    <metrics files="3" loc="607" ncloc="557" classes="3" methods="34" coveredmethods="29" conditionals="0" coveredconditionals="0" statements="258" coveredstatements="247" elements="292" coveredelements="276"/>
  </project>
</coverage>
